<?xml version="1.0" encoding="UTF-8"?>
<testsuite name="com.example.calculadoraimc.ExampleUnitTest" tests="1" skipped="0" failures="0" errors="0" timestamp="2022-11-03T23:59:49" hostname="PA602MICRO19" time="0.002">
  <properties/>
  <testcase name="addition_isCorrect" classname="com.example.calculadoraimc.ExampleUnitTest" time="0.002"/>
  <system-out><![CDATA[]]></system-out>
  <system-err><![CDATA[]]></system-err>
</testsuite>
